<?xml version="1.0" encoding="UTF-8"?>
<testng-results skipped="0" failed="0" total="1" passed="1">
  <reporter-output>
  </reporter-output>
  <suite name="Suite" duration-ms="99" started-at="2016-06-22T17:57:21Z" finished-at="2016-06-22T17:57:21Z">
    <groups>
    </groups>
    <test name="Test" duration-ms="99" started-at="2016-06-22T17:57:21Z" finished-at="2016-06-22T17:57:21Z">
      <class name="testget.testlogic">
        <test-method status="PASS" signature="testi()[pri:0, instance:testget.testlogic@73035e27]" name="testi" duration-ms="65" started-at="2016-06-22T23:27:21Z" finished-at="2016-06-22T23:27:21Z">
          <reporter-output>
          </reporter-output>
        </test-method> <!-- testi -->
      </class> <!-- testget.testlogic -->
    </test> <!-- Test -->
  </suite> <!-- Suite -->
</testng-results>
